# JRE version: OpenJDK Runtime Environment (21.0.5) (build 21.0.5+-13047016-b750.29)
# Java VM: OpenJDK 64-Bit Server VM (21.0.5+-13047016-b750.29, mixed mode, tiered, compressed oops, compressed class ptrs, g1 gc, windows-amd64)
GC Precious Log:
 CardTable entry size: 512
 Card Set container configuration: InlinePtr #cards 4 size 8 Array Of Cards #cards 32 size 80 Howl #buckets 8 coarsen threshold 7372 Howl Bitmap #cards 1024 size 144 coarsen threshold 921 Card regions per heap region 1 cards per card region 8192
 CPUs: 8 total, 8 available
 Memory: 7975M
 Large Page Support: Disabled
 NUMA Support: Disabled
 Compressed Oops: Enabled (Zero based)
 Heap Region Size: 4M
 Heap Min Capacity: 8M
 Heap Initial Capacity: 128M
 Heap Max Capacity: 8G
 Pre-touch: Disabled
 Parallel Workers: 8
 Concurrent Workers: 2
 Concurrent Refinement Workers: 8
 Periodic GC: Disabled
Heap:
 garbage-first heap   total 139264K, used 68710K [0x0000000600000000, 0x0000000800000000)
  region size 4096K, 3 young (12288K), 2 survivors (8192K)
 Metaspace       used 84161K, committed 86080K, reserved 1179648K
  class space    used 11545K, committed 12480K, reserved 1048576K
GC Heap History (20 events):
Event: 4.908 GC heap before
{Heap before GC invocations=12 (full 0):
 garbage-first heap   total 90112K, used 67144K [0x0000000600000000, 0x0000000800000000)
  region size 4096K, 10 young (40960K), 2 survivors (8192K)
 Metaspace       used 51712K, committed 53248K, reserved 1114112K
  class space    used 7030K, committed 7808K, reserved 1048576K
}
Event: 4.911 GC heap after
{Heap after GC invocations=13 (full 0):
 garbage-first heap   total 110592K, used 35891K [0x0000000600000000, 0x0000000800000000)
  region size 4096K, 2 young (8192K), 2 survivors (8192K)
 Metaspace       used 51712K, committed 53248K, reserved 1114112K
  class space    used 7030K, committed 7808K, reserved 1048576K
}
Event: 5.795 GC heap before
{Heap before GC invocations=13 (full 0):
 garbage-first heap   total 110592K, used 85043K [0x0000000600000000, 0x0000000800000000)
  region size 4096K, 15 young (61440K), 2 survivors (8192K)
 Metaspace       used 58039K, committed 59712K, reserved 1114112K
  class space    used 7955K, committed 8768K, reserved 1048576K
}
Event: 5.800 GC heap after
{Heap after GC invocations=14 (full 0):
 garbage-first heap   total 110592K, used 38271K [0x0000000600000000, 0x0000000800000000)
  region size 4096K, 2 young (8192K), 2 survivors (8192K)
 Metaspace       used 58039K, committed 59712K, reserved 1114112K
  class space    used 7955K, committed 8768K, reserved 1048576K
}
Event: 5.959 GC heap before
{Heap before GC invocations=14 (full 0):
 garbage-first heap   total 110592K, used 46463K [0x0000000600000000, 0x0000000800000000)
  region size 4096K, 5 young (20480K), 2 survivors (8192K)
 Metaspace       used 58782K, committed 60416K, reserved 1114112K
  class space    used 8057K, committed 8832K, reserved 1048576K
}
Event: 5.963 GC heap after
{Heap after GC invocations=15 (full 0):
 garbage-first heap   total 110592K, used 39934K [0x0000000600000000, 0x0000000800000000)
  region size 4096K, 2 young (8192K), 2 survivors (8192K)
 Metaspace       used 58782K, committed 60416K, reserved 1114112K
  class space    used 8057K, committed 8832K, reserved 1048576K
}
Event: 6.351 GC heap before
{Heap before GC invocations=16 (full 0):
 garbage-first heap   total 110592K, used 89086K [0x0000000600000000, 0x0000000800000000)
  region size 4096K, 14 young (57344K), 2 survivors (8192K)
 Metaspace       used 60893K, committed 62592K, reserved 1114112K
  class space    used 8392K, committed 9280K, reserved 1048576K
}
Event: 6.355 GC heap after
{Heap after GC invocations=17 (full 0):
 garbage-first heap   total 110592K, used 43355K [0x0000000600000000, 0x0000000800000000)
  region size 4096K, 2 young (8192K), 2 survivors (8192K)
 Metaspace       used 60893K, committed 62592K, reserved 1114112K
  class space    used 8392K, committed 9280K, reserved 1048576K
}
Event: 6.938 GC heap before
{Heap before GC invocations=17 (full 0):
 garbage-first heap   total 110592K, used 92507K [0x0000000600000000, 0x0000000800000000)
  region size 4096K, 14 young (57344K), 2 survivors (8192K)
 Metaspace       used 66551K, committed 68352K, reserved 1114112K
  class space    used 9206K, committed 10112K, reserved 1048576K
}
Event: 6.942 GC heap after
{Heap after GC invocations=18 (full 0):
 garbage-first heap   total 110592K, used 48903K [0x0000000600000000, 0x0000000800000000)
  region size 4096K, 2 young (8192K), 2 survivors (8192K)
 Metaspace       used 66551K, committed 68352K, reserved 1114112K
  class space    used 9206K, committed 10112K, reserved 1048576K
}
Event: 7.335 GC heap before
{Heap before GC invocations=18 (full 0):
 garbage-first heap   total 110592K, used 102151K [0x0000000600000000, 0x0000000800000000)
  region size 4096K, 13 young (53248K), 2 survivors (8192K)
 Metaspace       used 70984K, committed 72832K, reserved 1114112K
  class space    used 9825K, committed 10752K, reserved 1048576K
}
Event: 7.339 GC heap after
{Heap after GC invocations=19 (full 0):
 garbage-first heap   total 114688K, used 59859K [0x0000000600000000, 0x0000000800000000)
  region size 4096K, 1 young (4096K), 1 survivors (4096K)
 Metaspace       used 70984K, committed 72832K, reserved 1114112K
  class space    used 9825K, committed 10752K, reserved 1048576K
}
Event: 7.709 GC heap before
{Heap before GC invocations=19 (full 0):
 garbage-first heap   total 114688K, used 100819K [0x0000000600000000, 0x0000000800000000)
  region size 4096K, 11 young (45056K), 1 survivors (4096K)
 Metaspace       used 74243K, committed 76096K, reserved 1179648K
  class space    used 10248K, committed 11136K, reserved 1048576K
}
Event: 7.712 GC heap after
{Heap after GC invocations=20 (full 0):
 garbage-first heap   total 114688K, used 61341K [0x0000000600000000, 0x0000000800000000)
  region size 4096K, 2 young (8192K), 2 survivors (8192K)
 Metaspace       used 74243K, committed 76096K, reserved 1179648K
  class space    used 10248K, committed 11136K, reserved 1048576K
}
Event: 8.006 GC heap before
{Heap before GC invocations=21 (full 0):
 garbage-first heap   total 114688K, used 94109K [0x0000000600000000, 0x0000000800000000)
  region size 4096K, 10 young (40960K), 2 survivors (8192K)
 Metaspace       used 75941K, committed 77760K, reserved 1179648K
  class space    used 10484K, committed 11392K, reserved 1048576K
}
Event: 8.009 GC heap after
{Heap after GC invocations=22 (full 0):
 garbage-first heap   total 114688K, used 65387K [0x0000000600000000, 0x0000000800000000)
  region size 4096K, 2 young (8192K), 2 survivors (8192K)
 Metaspace       used 75941K, committed 77760K, reserved 1179648K
  class space    used 10484K, committed 11392K, reserved 1048576K
}
Event: 8.320 GC heap before
{Heap before GC invocations=22 (full 0):
 garbage-first heap   total 114688K, used 94059K [0x0000000600000000, 0x0000000800000000)
  region size 4096K, 9 young (36864K), 2 survivors (8192K)
 Metaspace       used 77769K, committed 79680K, reserved 1179648K
  class space    used 10742K, committed 11712K, reserved 1048576K
}
Event: 8.325 GC heap after
{Heap after GC invocations=23 (full 0):
 garbage-first heap   total 114688K, used 65737K [0x0000000600000000, 0x0000000800000000)
  region size 4096K, 2 young (8192K), 2 survivors (8192K)
 Metaspace       used 77769K, committed 79680K, reserved 1179648K
  class space    used 10742K, committed 11712K, reserved 1048576K
}
Event: 8.731 GC heap before
{Heap before GC invocations=23 (full 0):
 garbage-first heap   total 114688K, used 94409K [0x0000000600000000, 0x0000000800000000)
  region size 4096K, 9 young (36864K), 2 survivors (8192K)
 Metaspace       used 83594K, committed 85504K, reserved 1179648K
  class space    used 11474K, committed 12416K, reserved 1048576K
}
Event: 8.736 GC heap after
{Heap after GC invocations=24 (full 0):
 garbage-first heap   total 139264K, used 68710K [0x0000000600000000, 0x0000000800000000)
  region size 4096K, 2 young (8192K), 2 survivors (8192K)
 Metaspace       used 83594K, committed 85504K, reserved 1179648K
  class space    used 11474K, committed 12416K, reserved 1048576K
}

