# JRE version: OpenJDK Runtime Environment (21.0.5) (build 21.0.5+-13047016-b750.29)
# Java VM: OpenJDK 64-Bit Server VM (21.0.5+-13047016-b750.29, mixed mode, tiered, compressed oops, compressed class ptrs, g1 gc, windows-amd64)
GC Precious Log:
 CardTable entry size: 512
 Card Set container configuration: InlinePtr #cards 4 size 8 Array Of Cards #cards 32 size 80 Howl #buckets 8 coarsen threshold 7372 Howl Bitmap #cards 1024 size 144 coarsen threshold 921 Card regions per heap region 1 cards per card region 8192
 CPUs: 8 total, 8 available
 Memory: 7975M
 Large Page Support: Disabled
 NUMA Support: Disabled
 Compressed Oops: Enabled (Zero based)
 Heap Region Size: 4M
 Heap Min Capacity: 8M
 Heap Initial Capacity: 128M
 Heap Max Capacity: 8G
 Pre-touch: Disabled
 Parallel Workers: 8
 Concurrent Workers: 2
 Concurrent Refinement Workers: 8
 Periodic GC: Disabled
Heap:
 garbage-first heap   total 90112K, used 37984K [0x0000000600000000, 0x0000000800000000)
  region size 4096K, 2 young (8192K), 2 survivors (8192K)
 Metaspace       used 55530K, committed 57152K, reserved 1114112K
  class space    used 7577K, committed 8384K, reserved 1048576K
GC Heap History (20 events):
Event: 0.845 GC heap after
{Heap after GC invocations=2 (full 0):
 garbage-first heap   total 131072K, used 11648K [0x0000000600000000, 0x0000000800000000)
  region size 4096K, 2 young (8192K), 2 survivors (8192K)
 Metaspace       used 12163K, committed 12352K, reserved 1114112K
  class space    used 1279K, committed 1408K, reserved 1048576K
}
Event: 1.471 GC heap before
{Heap before GC invocations=2 (full 0):
 garbage-first heap   total 131072K, used 60800K [0x0000000600000000, 0x0000000800000000)
  region size 4096K, 14 young (57344K), 2 survivors (8192K)
 Metaspace       used 16780K, committed 17024K, reserved 1114112K
  class space    used 1878K, committed 1984K, reserved 1048576K
}
Event: 1.478 GC heap after
{Heap after GC invocations=3 (full 0):
 garbage-first heap   total 131072K, used 18708K [0x0000000600000000, 0x0000000800000000)
  region size 4096K, 2 young (8192K), 2 survivors (8192K)
 Metaspace       used 16780K, committed 17024K, reserved 1114112K
  class space    used 1878K, committed 1984K, reserved 1048576K
}
Event: 1.775 GC heap before
{Heap before GC invocations=3 (full 0):
 garbage-first heap   total 131072K, used 35092K [0x0000000600000000, 0x0000000800000000)
  region size 4096K, 7 young (28672K), 2 survivors (8192K)
 Metaspace       used 21227K, committed 21504K, reserved 1114112K
  class space    used 2463K, committed 2624K, reserved 1048576K
}
Event: 1.779 GC heap after
{Heap after GC invocations=4 (full 0):
 garbage-first heap   total 131072K, used 20518K [0x0000000600000000, 0x0000000800000000)
  region size 4096K, 1 young (4096K), 1 survivors (4096K)
 Metaspace       used 21227K, committed 21504K, reserved 1114112K
  class space    used 2463K, committed 2624K, reserved 1048576K
}
Event: 2.538 GC heap before
{Heap before GC invocations=5 (full 0):
 garbage-first heap   total 81920K, used 77862K [0x0000000600000000, 0x0000000800000000)
  region size 4096K, 15 young (61440K), 1 survivors (4096K)
 Metaspace       used 29897K, committed 30528K, reserved 1114112K
  class space    used 3849K, committed 4160K, reserved 1048576K
}
Event: 2.543 GC heap after
{Heap after GC invocations=6 (full 0):
 garbage-first heap   total 90112K, used 23636K [0x0000000600000000, 0x0000000800000000)
  region size 4096K, 2 young (8192K), 2 survivors (8192K)
 Metaspace       used 29897K, committed 30528K, reserved 1114112K
  class space    used 3849K, committed 4160K, reserved 1048576K
}
Event: 2.991 GC heap before
{Heap before GC invocations=6 (full 0):
 garbage-first heap   total 90112K, used 60500K [0x0000000600000000, 0x0000000800000000)
  region size 4096K, 12 young (49152K), 2 survivors (8192K)
 Metaspace       used 35250K, committed 36096K, reserved 1114112K
  class space    used 4748K, committed 5120K, reserved 1048576K
}
Event: 2.995 GC heap after
{Heap after GC invocations=7 (full 0):
 garbage-first heap   total 90112K, used 25603K [0x0000000600000000, 0x0000000800000000)
  region size 4096K, 2 young (8192K), 2 survivors (8192K)
 Metaspace       used 35250K, committed 36096K, reserved 1114112K
  class space    used 4748K, committed 5120K, reserved 1048576K
}
Event: 3.022 GC heap before
{Heap before GC invocations=7 (full 0):
 garbage-first heap   total 90112K, used 25603K [0x0000000600000000, 0x0000000800000000)
  region size 4096K, 3 young (12288K), 2 survivors (8192K)
 Metaspace       used 35530K, committed 36416K, reserved 1114112K
  class space    used 4798K, committed 5248K, reserved 1048576K
}
Event: 3.025 GC heap after
{Heap after GC invocations=8 (full 0):
 garbage-first heap   total 90112K, used 25814K [0x0000000600000000, 0x0000000800000000)
  region size 4096K, 1 young (4096K), 1 survivors (4096K)
 Metaspace       used 35530K, committed 36416K, reserved 1114112K
  class space    used 4798K, committed 5248K, reserved 1048576K
}
Event: 3.643 GC heap before
{Heap before GC invocations=9 (full 0):
 garbage-first heap   total 90112K, used 66774K [0x0000000600000000, 0x0000000800000000)
  region size 4096K, 12 young (49152K), 1 survivors (4096K)
 Metaspace       used 44095K, committed 45248K, reserved 1114112K
  class space    used 5904K, committed 6464K, reserved 1048576K
}
Event: 3.647 GC heap after
{Heap after GC invocations=10 (full 0):
 garbage-first heap   total 90112K, used 30211K [0x0000000600000000, 0x0000000800000000)
  region size 4096K, 2 young (8192K), 2 survivors (8192K)
 Metaspace       used 44095K, committed 45248K, reserved 1114112K
  class space    used 5904K, committed 6464K, reserved 1048576K
}
Event: 3.868 GC heap before
{Heap before GC invocations=10 (full 0):
 garbage-first heap   total 90112K, used 71171K [0x0000000600000000, 0x0000000800000000)
  region size 4096K, 12 young (49152K), 2 survivors (8192K)
 Metaspace       used 46232K, committed 47488K, reserved 1114112K
  class space    used 6159K, committed 6784K, reserved 1048576K
}
Event: 3.872 GC heap after
{Heap after GC invocations=11 (full 0):
 garbage-first heap   total 90112K, used 32544K [0x0000000600000000, 0x0000000800000000)
  region size 4096K, 2 young (8192K), 2 survivors (8192K)
 Metaspace       used 46232K, committed 47488K, reserved 1114112K
  class space    used 6159K, committed 6784K, reserved 1048576K
}
Event: 4.202 GC heap before
{Heap before GC invocations=11 (full 0):
 garbage-first heap   total 90112K, used 69408K [0x0000000600000000, 0x0000000800000000)
  region size 4096K, 11 young (45056K), 2 survivors (8192K)
 Metaspace       used 49672K, committed 51072K, reserved 1114112K
  class space    used 6711K, committed 7424K, reserved 1048576K
}
Event: 4.207 GC heap after
{Heap after GC invocations=12 (full 0):
 garbage-first heap   total 90112K, used 34794K [0x0000000600000000, 0x0000000800000000)
  region size 4096K, 2 young (8192K), 2 survivors (8192K)
 Metaspace       used 49672K, committed 51072K, reserved 1114112K
  class space    used 6711K, committed 7424K, reserved 1048576K
}
Event: 4.418 GC heap before
{Heap before GC invocations=12 (full 0):
 garbage-first heap   total 90112K, used 67562K [0x0000000600000000, 0x0000000800000000)
  region size 4096K, 10 young (40960K), 2 survivors (8192K)
 Metaspace       used 51555K, committed 53120K, reserved 1114112K
  class space    used 7004K, committed 7744K, reserved 1048576K
}
Event: 4.421 GC heap after
{Heap after GC invocations=13 (full 0):
 garbage-first heap   total 90112K, used 36179K [0x0000000600000000, 0x0000000800000000)
  region size 4096K, 2 young (8192K), 2 survivors (8192K)
 Metaspace       used 51555K, committed 53120K, reserved 1114112K
  class space    used 7004K, committed 7744K, reserved 1048576K
}
Event: 4.829 GC heap before
{Heap before GC invocations=13 (full 0):
 garbage-first heap   total 90112K, used 68947K [0x0000000600000000, 0x0000000800000000)
  region size 4096K, 10 young (40960K), 2 survivors (8192K)
 Metaspace       used 55530K, committed 57152K, reserved 1114112K
  class space    used 7577K, committed 8384K, reserved 1048576K
}

