# JRE version: OpenJDK Runtime Environment (21.0.5) (build 21.0.5+-13047016-b750.29)
# Java VM: OpenJDK 64-Bit Server VM (21.0.5+-13047016-b750.29, mixed mode, tiered, compressed oops, compressed class ptrs, g1 gc, windows-amd64)
GC Precious Log:
 CardTable entry size: 512
 Card Set container configuration: InlinePtr #cards 4 size 8 Array Of Cards #cards 32 size 80 Howl #buckets 8 coarsen threshold 7372 Howl Bitmap #cards 1024 size 144 coarsen threshold 921 Card regions per heap region 1 cards per card region 8192
 CPUs: 8 total, 8 available
 Memory: 7975M
 Large Page Support: Disabled
 NUMA Support: Disabled
 Compressed Oops: Enabled (Zero based)
 Heap Region Size: 4M
 Heap Min Capacity: 8M
 Heap Initial Capacity: 128M
 Heap Max Capacity: 8G
 Pre-touch: Disabled
 Parallel Workers: 8
 Concurrent Workers: 2
 Concurrent Refinement Workers: 8
 Periodic GC: Disabled
Heap:
 garbage-first heap   total 110592K, used 91792K [0x0000000600000000, 0x0000000800000000)
  region size 4096K, 9 young (36864K), 1 survivors (4096K)
 Metaspace       used 79453K, committed 81280K, reserved 1179648K
  class space    used 10891K, committed 11776K, reserved 1048576K
GC Heap History (20 events):
Event: 3.758 GC heap before
{Heap before GC invocations=10 (full 0):
 garbage-first heap   total 90112K, used 71005K [0x0000000600000000, 0x0000000800000000)
  region size 4096K, 12 young (49152K), 2 survivors (8192K)
 Metaspace       used 46235K, committed 47488K, reserved 1114112K
  class space    used 6154K, committed 6784K, reserved 1048576K
}
Event: 3.763 GC heap after
{Heap after GC invocations=11 (full 0):
 garbage-first heap   total 90112K, used 32380K [0x0000000600000000, 0x0000000800000000)
  region size 4096K, 2 young (8192K), 2 survivors (8192K)
 Metaspace       used 46235K, committed 47488K, reserved 1114112K
  class space    used 6154K, committed 6784K, reserved 1048576K
}
Event: 4.075 GC heap before
{Heap before GC invocations=11 (full 0):
 garbage-first heap   total 90112K, used 69244K [0x0000000600000000, 0x0000000800000000)
  region size 4096K, 11 young (45056K), 2 survivors (8192K)
 Metaspace       used 49657K, committed 51072K, reserved 1114112K
  class space    used 6702K, committed 7360K, reserved 1048576K
}
Event: 4.079 GC heap after
{Heap after GC invocations=12 (full 0):
 garbage-first heap   total 90112K, used 34694K [0x0000000600000000, 0x0000000800000000)
  region size 4096K, 2 young (8192K), 2 survivors (8192K)
 Metaspace       used 49657K, committed 51072K, reserved 1114112K
  class space    used 6702K, committed 7360K, reserved 1048576K
}
Event: 4.443 GC heap before
{Heap before GC invocations=12 (full 0):
 garbage-first heap   total 90112K, used 67462K [0x0000000600000000, 0x0000000800000000)
  region size 4096K, 10 young (40960K), 2 survivors (8192K)
 Metaspace       used 51500K, committed 52928K, reserved 1114112K
  class space    used 6990K, committed 7680K, reserved 1048576K
}
Event: 4.447 GC heap after
{Heap after GC invocations=13 (full 0):
 garbage-first heap   total 110592K, used 35931K [0x0000000600000000, 0x0000000800000000)
  region size 4096K, 1 young (4096K), 1 survivors (4096K)
 Metaspace       used 51500K, committed 52928K, reserved 1114112K
  class space    used 6990K, committed 7680K, reserved 1048576K
}
Event: 5.187 GC heap before
{Heap before GC invocations=13 (full 0):
 garbage-first heap   total 110592K, used 89179K [0x0000000600000000, 0x0000000800000000)
  region size 4096K, 15 young (61440K), 1 survivors (4096K)
 Metaspace       used 59320K, committed 60992K, reserved 1114112K
  class space    used 8066K, committed 8896K, reserved 1048576K
}
Event: 5.190 GC heap after
{Heap after GC invocations=14 (full 0):
 garbage-first heap   total 110592K, used 39724K [0x0000000600000000, 0x0000000800000000)
  region size 4096K, 2 young (8192K), 2 survivors (8192K)
 Metaspace       used 59320K, committed 60992K, reserved 1114112K
  class space    used 8066K, committed 8896K, reserved 1048576K
}
Event: 5.196 GC heap before
{Heap before GC invocations=14 (full 0):
 garbage-first heap   total 110592K, used 39724K [0x0000000600000000, 0x0000000800000000)
  region size 4096K, 3 young (12288K), 2 survivors (8192K)
 Metaspace       used 59465K, committed 61056K, reserved 1114112K
  class space    used 8084K, committed 8896K, reserved 1048576K
}
Event: 5.200 GC heap after
{Heap after GC invocations=15 (full 0):
 garbage-first heap   total 110592K, used 39967K [0x0000000600000000, 0x0000000800000000)
  region size 4096K, 2 young (8192K), 2 survivors (8192K)
 Metaspace       used 59465K, committed 61056K, reserved 1114112K
  class space    used 8084K, committed 8896K, reserved 1048576K
}
Event: 6.049 GC heap before
{Heap before GC invocations=16 (full 0):
 garbage-first heap   total 110592K, used 89119K [0x0000000600000000, 0x0000000800000000)
  region size 4096K, 14 young (57344K), 2 survivors (8192K)
 Metaspace       used 65798K, committed 67456K, reserved 1114112K
  class space    used 8968K, committed 9792K, reserved 1048576K
}
Event: 6.054 GC heap after
{Heap after GC invocations=17 (full 0):
 garbage-first heap   total 110592K, used 45022K [0x0000000600000000, 0x0000000800000000)
  region size 4096K, 2 young (8192K), 2 survivors (8192K)
 Metaspace       used 65798K, committed 67456K, reserved 1114112K
  class space    used 8968K, committed 9792K, reserved 1048576K
}
Event: 6.426 GC heap before
{Heap before GC invocations=17 (full 0):
 garbage-first heap   total 110592K, used 94174K [0x0000000600000000, 0x0000000800000000)
  region size 4096K, 14 young (57344K), 2 survivors (8192K)
 Metaspace       used 68635K, committed 70400K, reserved 1114112K
  class space    used 9399K, committed 10304K, reserved 1048576K
}
Event: 6.430 GC heap after
{Heap after GC invocations=18 (full 0):
 garbage-first heap   total 110592K, used 47846K [0x0000000600000000, 0x0000000800000000)
  region size 4096K, 2 young (8192K), 2 survivors (8192K)
 Metaspace       used 68635K, committed 70400K, reserved 1114112K
  class space    used 9399K, committed 10304K, reserved 1048576K
}
Event: 6.851 GC heap before
{Heap before GC invocations=18 (full 0):
 garbage-first heap   total 110592K, used 84710K [0x0000000600000000, 0x0000000800000000)
  region size 4096K, 12 young (49152K), 2 survivors (8192K)
 Metaspace       used 73366K, committed 75200K, reserved 1114112K
  class space    used 10077K, committed 11008K, reserved 1048576K
}
Event: 6.854 GC heap after
{Heap after GC invocations=19 (full 0):
 garbage-first heap   total 110592K, used 51958K [0x0000000600000000, 0x0000000800000000)
  region size 4096K, 2 young (8192K), 2 survivors (8192K)
 Metaspace       used 73366K, committed 75200K, reserved 1114112K
  class space    used 10077K, committed 11008K, reserved 1048576K
}
Event: 6.887 GC heap before
{Heap before GC invocations=19 (full 0):
 garbage-first heap   total 110592K, used 56054K [0x0000000600000000, 0x0000000800000000)
  region size 4096K, 3 young (12288K), 2 survivors (8192K)
 Metaspace       used 73466K, committed 75264K, reserved 1114112K
  class space    used 10093K, committed 11008K, reserved 1048576K
}
Event: 6.891 GC heap after
{Heap after GC invocations=20 (full 0):
 garbage-first heap   total 110592K, used 58522K [0x0000000600000000, 0x0000000800000000)
  region size 4096K, 1 young (4096K), 1 survivors (4096K)
 Metaspace       used 73466K, committed 75264K, reserved 1114112K
  class space    used 10093K, committed 11008K, reserved 1048576K
}
Event: 7.192 GC heap before
{Heap before GC invocations=21 (full 0):
 garbage-first heap   total 110592K, used 95386K [0x0000000600000000, 0x0000000800000000)
  region size 4096K, 9 young (36864K), 1 survivors (4096K)
 Metaspace       used 76774K, committed 78592K, reserved 1179648K
  class space    used 10543K, committed 11456K, reserved 1048576K
}
Event: 7.194 GC heap after
{Heap after GC invocations=22 (full 0):
 garbage-first heap   total 110592K, used 63120K [0x0000000600000000, 0x0000000800000000)
  region size 4096K, 1 young (4096K), 1 survivors (4096K)
 Metaspace       used 76774K, committed 78592K, reserved 1179648K
  class space    used 10543K, committed 11456K, reserved 1048576K
}

